Added Component: Designator=C22(0402_s)
Added Component: Designator=C23(0402_s)
Added Component: Designator=C24(0402_s)
Added Component: Designator=R23(0402_s)
Added Component: Designator=R24(0402_s)
Added Component: Designator=R25(0402_s)
Added Pin To Net: NetName=11_HPGND Pin=C22-1
Added Pin To Net: NetName=AD1 Pin=C22-2
Added Pin To Net: NetName=11_HPGND Pin=C23-1
Added Pin To Net: NetName=AD1 Pin=C23-2
Added Pin To Net: NetName=11_HPGND Pin=C24-1
Added Pin To Net: NetName=AD1 Pin=C24-2
Added Pin To Net: NetName=+3V3 Pin=J4-1
Added Pin To Net: NetName=AD1 Pin=J4-2
Added Pin To Net: NetName=11_HPGND Pin=J4-3
Added Pin To Net: NetName=+3V3 Pin=J5-1
Added Pin To Net: NetName=AD1 Pin=J5-2
Added Pin To Net: NetName=11_HPGND Pin=J5-3
Added Pin To Net: NetName=+3V3 Pin=J6-1
Added Pin To Net: NetName=AD1 Pin=J6-2
Added Pin To Net: NetName=11_HPGND Pin=J6-3
Added Pin To Net: NetName=17_MICBIAS Pin=J7-1
Added Pin To Net: NetName=18_MICIN Pin=J7-2
Added Pin To Net: NetName=11_HPGND Pin=J7-3
Added Pin To Net: NetName=+3V3 Pin=J8-1
Added Pin To Net: NetName=PWM11 Pin=J8-2
Added Pin To Net: NetName=PWM12 Pin=J8-3
Added Pin To Net: NetName=PWM13 Pin=J8-4
Added Pin To Net: NetName=11_HPGND Pin=R23-1
Added Pin To Net: NetName=PWM13 Pin=R23-2
Added Pin To Net: NetName=11_HPGND Pin=R24-1
Added Pin To Net: NetName=PWM12 Pin=R24-2
Added Pin To Net: NetName=11_HPGND Pin=R25-1
Added Pin To Net: NetName=PWM11 Pin=R25-2
