Added Component: Designator=C1(0402_s)
Added Component: Designator=C2(0402_s)
Added Component: Designator=C3(0402_s)
Added Component: Designator=C4(0402_s)
Added Component: Designator=C5(0402_s)
Added Component: Designator=C6(0402_s)
Added Component: Designator=C7(0402_s)
Added Component: Designator=C8(0402_s)
Added Component: Designator=C9(0402_s)
Added Component: Designator=C10(0402_s)
Added Component: Designator=C11(0402_s)
Added Component: Designator=C12(0402_s)
Added Component: Designator=C13(0402_s)
Added Component: Designator=C14(0402_s)
Added Component: Designator=C15(0402_s)
Added Component: Designator=C16(0402_s)
Added Component: Designator=C17(0402_s)
Added Component: Designator=C18(0402_s)
Added Component: Designator=C19(0402_s)
Added Component: Designator=C20(0402_s)
Added Component: Designator=C21(0402_s)
Added Component: Designator=L1(0402_S)
Added Component: Designator=L2(0402_S)
Added Component: Designator=L3(0402_S)
Added Component: Designator=L4(0402_S)
Added Component: Designator=L5(0402_S)
Added Component: Designator=R1(0402_s)
Added Component: Designator=R2(0402_s)
Added Component: Designator=R3(0402_s)
Added Component: Designator=R4(0402_s)
Added Component: Designator=R5(0402_s)
Added Component: Designator=R6(0402_s)
Added Component: Designator=R7(0402_s)
Added Component: Designator=R8(0402_s)
Added Component: Designator=R9(0402_s)
Added Component: Designator=R10(0402_s)
Added Component: Designator=R11(0402_s)
Added Component: Designator=R12(0402_s)
Added Component: Designator=R13(0402_s)
Added Component: Designator=R14(0402_s)
Added Component: Designator=R15(0402_s)
Added Component: Designator=R16(0402_s)
Added Component: Designator=R17(0402_s)
Added Component: Designator=R18(0402_s)
Added Component: Designator=R19(0402_s)
Added Component: Designator=R20(0402_s)
Added Component: Designator=R21(0402_s)
Added Component: Designator=R22(0402_s)
Added Pin To Net: NetName=GND Pin=C1-1
Added Pin To Net: NetName=GND Pin=C2-1
Added Pin To Net: NetName=GND Pin=C3-1
Added Pin To Net: NetName=GND Pin=C4-1
Added Pin To Net: NetName=GND Pin=C5-1
Added Pin To Net: NetName=GND Pin=C6-2
Added Pin To Net: NetName=GND Pin=C7-2
Added Pin To Net: NetName=GND Pin=C8-1
Added Pin To Net: NetName=GND Pin=C9-1
Added Pin To Net: NetName=GND Pin=C10-1
Added Pin To Net: NetName=GND Pin=C11-1
Added Pin To Net: NetName=GND Pin=C14-1
Added Pin To Net: NetName=GND Pin=C15-2
Added Pin To Net: NetName=GND Pin=IC1-11
Added Pin To Net: NetName=GND Pin=IC1-15
Added Pin To Net: NetName=GND Pin=IC1-28
Added Pin To Net: NetName=+3V3 Pin=L1-2
Added Pin To Net: NetName=+3V3 Pin=L2-2
Added Pin To Net: NetName=+3V3 Pin=L3-2
Added Pin To Net: NetName=+3V3 Pin=L4-1
Added Pin To Net: NetName=+3V3 Pin=L5-2
Added Pin To Net: NetName=GND Pin=R1-2
Added Pin To Net: NetName=GND Pin=R2-2
Added Pin To Net: NetName=GND Pin=R3-2
Added Pin To Net: NetName=GND Pin=R4-2
Added Pin To Net: NetName=CANRX0 Pin=R5-1
Added Pin To Net: NetName=+3V3 Pin=R6-2
Added Pin To Net: NetName=+3V3 Pin=R7-2
Added Pin To Net: NetName=PIN24 Pin=R8-2
Added Pin To Net: NetName=AD8 Pin=R9-2
Added Pin To Net: NetName=AD10 Pin=R10-2
Added Pin To Net: NetName=AD0 Pin=R11-2
Added Pin To Net: NetName=AD9 Pin=R12-2
Added Pin To Net: NetName=GND Pin=R15-1
Added Pin To Net: NetName=GND Pin=R16-2
Added Pin To Net: NetName=GND Pin=R19-1
Added Pin To Net: NetName=GND Pin=R20-2
Added Pin To Net: NetName=GND Pin=R21-1
Added Pin To Net: NetName=GND Pin=R22-2
Change Net Name : Old Net Name=GND New Net Name=11_HPGND
Added Pin To Net: NetName=1_DBVDD Pin=C4-2
Added Pin To Net: NetName=1_DBVDD Pin=C5-2
Added Pin To Net: NetName=1_DBVDD Pin=IC1-1
Added Pin To Net: NetName=1_DBVDD Pin=L3-1
Added Net: Name=1_DBVDD
Added Pin To Net: NetName=2_CLKOUT Pin=IC1-2
Added Pin To Net: NetName=2_CLKOUT Pin=R2-1
Added Net: Name=2_CLKOUT
Added Pin To Net: NetName=3_BCLK Pin=IC1-3
Added Pin To Net: NetName=3_BCLK Pin=R10-1
Added Net: Name=3_BCLK
Added Pin To Net: NetName=4_DACDAT Pin=IC1-4
Added Pin To Net: NetName=4_DACDAT Pin=R11-1
Added Net: Name=4_DACDAT
Added Pin To Net: NetName=5_DACLRC Pin=IC1-5
Added Pin To Net: NetName=5_DACLRC Pin=R8-1
Added Net: Name=5_DACLRC
Added Pin To Net: NetName=6_ADCDAT Pin=IC1-6
Added Pin To Net: NetName=6_ADCDAT Pin=R12-1
Added Net: Name=6_ADCDAT
Added Pin To Net: NetName=7_ADCLRC Pin=IC1-7
Added Pin To Net: NetName=7_ADCLRC Pin=R9-1
Added Net: Name=7_ADCLRC
Added Pin To Net: NetName=8_HPVDD Pin=C8-2
Added Pin To Net: NetName=8_HPVDD Pin=C9-2
Added Pin To Net: NetName=8_HPVDD Pin=IC1-8
Added Pin To Net: NetName=8_HPVDD Pin=L5-1
Added Net: Name=8_HPVDD
Added Pin To Net: NetName=9_LHPOUT Pin=C20-1
Added Pin To Net: NetName=9_LHPOUT Pin=IC1-9
Added Net: Name=9_LHPOUT
Added Pin To Net: NetName=10_RHPOUT Pin=C21-1
Added Pin To Net: NetName=10_RHPOUT Pin=IC1-10
Added Net: Name=10_RHPOUT
Added Pin To Net: NetName=12_LOUT Pin=C18-1
Added Pin To Net: NetName=12_LOUT Pin=IC1-12
Added Net: Name=12_LOUT
Added Pin To Net: NetName=13_ROUT Pin=C19-1
Added Pin To Net: NetName=13_ROUT Pin=IC1-13
Added Net: Name=13_ROUT
Added Pin To Net: NetName=14_AVDD Pin=C2-2
Added Pin To Net: NetName=14_AVDD Pin=C3-2
Added Pin To Net: NetName=14_AVDD Pin=IC1-14
Added Pin To Net: NetName=14_AVDD Pin=L2-1
Added Net: Name=14_AVDD
Added Pin To Net: NetName=16_VMID Pin=C10-2
Added Pin To Net: NetName=16_VMID Pin=C11-2
Added Pin To Net: NetName=16_VMID Pin=IC1-16
Added Net: Name=16_VMID
Added Pin To Net: NetName=17_MICBIAS Pin=IC1-17
Added Net: Name=17_MICBIAS
Added Pin To Net: NetName=18_MICIN Pin=IC1-18
Added Net: Name=18_MICIN
Added Pin To Net: NetName=19_RLINEIN Pin=C17-1
Added Pin To Net: NetName=19_RLINEIN Pin=IC1-19
Added Net: Name=19_RLINEIN
Added Pin To Net: NetName=20_LLINEIN Pin=C16-1
Added Pin To Net: NetName=20_LLINEIN Pin=IC1-20
Added Net: Name=20_LLINEIN
Added Pin To Net: NetName=21_MODE Pin=IC1-21
Added Pin To Net: NetName=21_MODE Pin=R4-1
Added Net: Name=21_MODE
Added Pin To Net: NetName=22_CSB Pin=IC1-22
Added Pin To Net: NetName=22_CSB Pin=R3-1
Added Net: Name=22_CSB
Added Pin To Net: NetName=23_SDIN Pin=COMMUNICATION-7
Added Pin To Net: NetName=23_SDIN Pin=IC1-23
Added Pin To Net: NetName=23_SDIN Pin=R7-1
Added Net: Name=23_SDIN
Added Pin To Net: NetName=24_SCLK Pin=COMMUNICATION-8
Added Pin To Net: NetName=24_SCLK Pin=IC1-24
Added Pin To Net: NetName=24_SCLK Pin=R6-1
Added Net: Name=24_SCLK
Added Pin To Net: NetName=25_XTI/MCLK Pin=IC1-25
Added Pin To Net: NetName=25_XTI/MCLK Pin=R5-2
Added Net: Name=25_XTI/MCLK
Added Pin To Net: NetName=26_XTO Pin=IC1-26
Added Pin To Net: NetName=26_XTO Pin=R1-1
Added Net: Name=26_XTO
Added Pin To Net: NetName=27_DCVDD Pin=C6-1
Added Pin To Net: NetName=27_DCVDD Pin=C7-1
Added Pin To Net: NetName=27_DCVDD Pin=IC1-27
Added Pin To Net: NetName=27_DCVDD Pin=L4-2
Added Net: Name=27_DCVDD
Added Pin To Net: NetName=NetC1_2 Pin=C1-2
Added Pin To Net: NetName=NetC1_2 Pin=L1-1
Added Net: Name=NetC1_2
Added Pin To Net: NetName=NetC12_1 Pin=C12-1
Added Pin To Net: NetName=NetC12_1 Pin=R13-2
Added Net: Name=NetC12_1
Added Pin To Net: NetName=NetC13_1 Pin=C13-1
Added Pin To Net: NetName=NetC13_1 Pin=R14-2
Added Net: Name=NetC13_1
Added Pin To Net: NetName=NetC14_2 Pin=C14-2
Added Pin To Net: NetName=NetC14_2 Pin=C16-2
Added Pin To Net: NetName=NetC14_2 Pin=R13-1
Added Pin To Net: NetName=NetC14_2 Pin=R15-2
Added Net: Name=NetC14_2
Added Pin To Net: NetName=NetC15_1 Pin=C15-1
Added Pin To Net: NetName=NetC15_1 Pin=C17-2
Added Pin To Net: NetName=NetC15_1 Pin=R14-1
Added Pin To Net: NetName=NetC15_1 Pin=R16-1
Added Net: Name=NetC15_1
Added Pin To Net: NetName=NetC18_2 Pin=C18-2
Added Pin To Net: NetName=NetC18_2 Pin=R17-1
Added Pin To Net: NetName=NetC18_2 Pin=R19-2
Added Net: Name=NetC18_2
Added Pin To Net: NetName=NetC19_2 Pin=C19-2
Added Pin To Net: NetName=NetC19_2 Pin=R18-1
Added Pin To Net: NetName=NetC19_2 Pin=R20-1
Added Net: Name=NetC19_2
Added Pin To Net: NetName=NetC20_2 Pin=C20-2
Added Pin To Net: NetName=NetC20_2 Pin=R21-2
Added Net: Name=NetC20_2
Added Pin To Net: NetName=NetC21_2 Pin=C21-2
Added Pin To Net: NetName=NetC21_2 Pin=R22-1
Added Net: Name=NetC21_2
