Removed Pin From Net: NetName=AREF Pin=BR1-1
Removed Pin From Net: NetName=+3V3 Pin=BR1-3
Removed Pin From Net: NetName=+3V3 Pin=C1-+
Removed Pin From Net: NetName=GND Pin=C1--
Removed Pin From Net: NetName=GND Pin=C2--
Removed Pin From Net: NetName=GND Pin=C3--
Removed Pin From Net: NetName=GND Pin=C4-1
Removed Pin From Net: NetName=+3V3 Pin=C4-2
Removed Pin From Net: NetName=GND Pin=C5-1
Removed Pin From Net: NetName=+3V3 Pin=C5-2
Removed Pin From Net: NetName=GND Pin=C6-1
Removed Pin From Net: NetName=+3V3 Pin=C6-2
Removed Pin From Net: NetName=GND Pin=C7-1
Removed Pin From Net: NetName=+3V3 Pin=C7-2
Removed Pin From Net: NetName=GND Pin=C8-1
Removed Pin From Net: NetName=+3V3 Pin=C8-2
Removed Pin From Net: NetName=GND Pin=C9-1
Removed Pin From Net: NetName=GND Pin=C10-1
Removed Pin From Net: NetName=GND Pin=C11--
Removed Pin From Net: NetName=GND Pin=C12-1
Removed Pin From Net: NetName=GND Pin=C13-1
Removed Pin From Net: NetName=GND Pin=C14-1
Removed Pin From Net: NetName=GND Pin=C15-1
Removed Pin From Net: NetName=GND Pin=C16-1
Removed Pin From Net: NetName=GND Pin=C17-1
Removed Pin From Net: NetName=GND Pin=C18-1
Removed Pin From Net: NetName=+3V3 Pin=C18-2
Removed Pin From Net: NetName=GND Pin=C19-1
Removed Pin From Net: NetName=MASTER-RESET Pin=C20-1
Removed Pin From Net: NetName=+3V3 Pin=C20-2
Removed Pin From Net: NetName=GND Pin=C21-2
Removed Pin From Net: NetName=GND Pin=C22-2
Removed Pin From Net: NetName=GND Pin=C23-2
Removed Pin From Net: NetName=GND Pin=C24-2
Removed Pin From Net: NetName=GND Pin=C25-2
Removed Pin From Net: NetName=GND Pin=C26-2
Removed Pin From Net: NetName=GND Pin=C27--
Removed Pin From Net: NetName=GND Pin=C28-2
Removed Pin From Net: NetName=+3V3 Pin=C29-+
Removed Pin From Net: NetName=GND Pin=C29--
Removed Pin From Net: NetName=GND Pin=C30-1
Removed Pin From Net: NetName=+5V Pin=C30-2
Removed Pin From Net: NetName=GND Pin=C31-1
Removed Pin From Net: NetName=GND Pin=C32-1
Removed Pin From Net: NetName=GND Pin=C33--
Removed Pin From Net: NetName=GND Pin=C34-1
Removed Pin From Net: NetName=GND Pin=C35--
Removed Pin From Net: NetName=+5V Pin=C36-1
Removed Pin From Net: NetName=GND Pin=C36-2
Removed Pin From Net: NetName=+3V3 Pin=C37-1
Removed Pin From Net: NetName=GND Pin=C37-2
Removed Pin From Net: NetName=GND Pin=C38-2
Removed Pin From Net: NetName=GND Pin=C39-2
Removed Pin From Net: NetName=GND Pin=C40-2
Removed Pin From Net: NetName=VIN Pin=C41-+
Removed Pin From Net: NetName=GND Pin=C41--
Removed Pin From Net: NetName=GND Pin=D1-A
Removed Pin From Net: NetName=RESET2 Pin=D2-A
Removed Pin From Net: NetName=+5V Pin=D2-C
Removed Pin From Net: NetName=+5V Pin=D3-A
Removed Pin From Net: NetName=GND Pin=D4-P$2
Removed Pin From Net: NetName=+3V3 Pin=ERASE-1
Removed Pin From Net: NetName=PWM13 Pin=IC1-3
Removed Pin From Net: NetName=GND Pin=IC1-4
Removed Pin From Net: NetName=+3V3 Pin=IC1-6
Removed Pin From Net: NetName=+5V Pin=IC1-8
Removed Pin From Net: NetName=GND Pin=IC2-2
Removed Pin From Net: NetName=VIN Pin=IC2-5
Removed Pin From Net: NetName=GND Pin=IC4-1
Removed Pin From Net: NetName=+3V3 Pin=IC4-2
Removed Pin From Net: NetName=+5V Pin=IC4-3
Removed Pin From Net: NetName=+3V3 Pin=IC4-4
Removed Pin From Net: NetName=GND Pin=IC6-3
Removed Pin From Net: NetName=+5V Pin=IC6-4
Removed Pin From Net: NetName=TX Pin=IC6-8
Removed Pin From Net: NetName=SCK2 Pin=IC6-15
Removed Pin From Net: NetName=MOSI2 Pin=IC6-16
Removed Pin From Net: NetName=MISO2 Pin=IC6-17
Removed Pin From Net: NetName=RESET2 Pin=IC6-24
Removed Pin From Net: NetName=GND Pin=IC6-28
Removed Pin From Net: NetName=+5V Pin=IC6-32
Removed Pin From Net: NetName=GND Pin=IC6-33
Removed Pin From Net: NetName=GND Pin=IC10-1
Removed Pin From Net: NetName=GND Pin=IC10-3
Removed Pin From Net: NetName=RX Pin=IC10-4
Removed Pin From Net: NetName=+3V3 Pin=IC10-5
Removed Pin From Net: NetName=GND Pin=J3-P5
Removed Pin From Net: NetName=GND Pin=J3-P$1
Removed Pin From Net: NetName=GND Pin=J3-P$2
Removed Pin From Net: NetName=GND Pin=J3-P$3
Removed Pin From Net: NetName=GND Pin=J3-P$4
Removed Pin From Net: NetName=GND Pin=J3-P$5
Removed Pin From Net: NetName=GND Pin=J3-P$6
Removed Pin From Net: NetName=GND Pin=J3-P$7
Removed Pin From Net: NetName=GND Pin=J3-P$8
Removed Pin From Net: NetName=GND Pin=J3-S1
Removed Pin From Net: NetName=GND Pin=J3-S2
Removed Pin From Net: NetName=GND Pin=J3-S3
Removed Pin From Net: NetName=GND Pin=J3-S4
Removed Pin From Net: NetName=GND Pin=J3-S5
Removed Pin From Net: NetName=GND Pin=J3-S6
Removed Pin From Net: NetName=+3V3 Pin=JR1-1
Removed Pin From Net: NetName=+3V3 Pin=L1-1
Removed Pin From Net: NetName=+3V3 Pin=L2-1
Removed Pin From Net: NetName=+5V Pin=L4-P$2
Removed Pin From Net: NetName=VIN Pin=L6-1
Removed Pin From Net: NetName=GND Pin=L-C
Removed Pin From Net: NetName=GND Pin=ON-C
Removed Pin From Net: NetName=VIN Pin=PC1-+
Removed Pin From Net: NetName=GND Pin=PC1--
Removed Pin From Net: NetName=+5V Pin=PC2-+
Removed Pin From Net: NetName=GND Pin=PC2--
Removed Pin From Net: NetName=GND Pin=Q2-2
Removed Pin From Net: NetName=JTAG_RESET Pin=R1-1
Removed Pin From Net: NetName=MASTER-RESET Pin=R1-2
Removed Pin From Net: NetName=GND Pin=R2-1
Removed Pin From Net: NetName=+3V3 Pin=R4-2
Removed Pin From Net: NetName=GND Pin=R7-1
Removed Pin From Net: NetName=GND Pin=R8-1
Removed Pin From Net: NetName=VIN Pin=R10-1
Removed Pin From Net: NetName=GND Pin=R11-2
Removed Pin From Net: NetName=+5V Pin=R12-1
Removed Pin From Net: NetName=RESET2 Pin=R13-1
Removed Pin From Net: NetName=+5V Pin=R13-2
Removed Pin From Net: NetName=+5V Pin=R14-1
Removed Pin From Net: NetName=+5V Pin=R15-1
Removed Pin From Net: NetName=GND Pin=R18-2
Removed Pin From Net: NetName=MASTER-RESET Pin=R23-2
Removed Pin From Net: NetName=GND Pin=RESET-1
Removed Pin From Net: NetName=GND Pin=RESET-2
Removed Pin From Net: NetName=MASTER-RESET Pin=RESET-3
Removed Pin From Net: NetName=MASTER-RESET Pin=RESET-4
Removed Pin From Net: NetName=GND Pin=RN1-1
Removed Pin From Net: NetName=GND Pin=RN1-2
Removed Pin From Net: NetName=JTAG_TDI Pin=RN1-3
Removed Pin From Net: NetName=JTAG_RESET Pin=RN1-4
Removed Pin From Net: NetName=+3V3 Pin=RN1-5
Removed Pin From Net: NetName=+3V3 Pin=RN1-6
Removed Pin From Net: NetName=GND Pin=RN1-7
Removed Pin From Net: NetName=GND Pin=RN1-8
Removed Pin From Net: NetName=GND Pin=RN2-1
Removed Pin From Net: NetName=+3V3 Pin=RN2-2
Removed Pin From Net: NetName=+3V3 Pin=RN2-3
Removed Pin From Net: NetName=GND Pin=RN2-4
Removed Pin From Net: NetName=GND Pin=RN2-5
Removed Pin From Net: NetName=JTAG_TMS Pin=RN2-6
Removed Pin From Net: NetName=JTAG_TCK Pin=RN2-7
Removed Pin From Net: NetName=GND Pin=RN2-8
Removed Pin From Net: NetName=+3V3 Pin=RN3-5
Removed Pin From Net: NetName=+3V3 Pin=RN3-7
Removed Pin From Net: NetName=+3V3 Pin=RN3-8
Removed Pin From Net: NetName=GND Pin=RN4-1
Removed Pin From Net: NetName=GND Pin=RN4-2
Removed Pin From Net: NetName=GND Pin=RN4-5
Removed Pin From Net: NetName=VIN Pin=RN4-6
Removed Pin From Net: NetName=GND Pin=RN4-7
Removed Pin From Net: NetName=+3V3 Pin=RN5-1
Removed Pin From Net: NetName=+3V3 Pin=RN5-2
Removed Pin From Net: NetName=SCL0-3 Pin=RN5-7
Removed Pin From Net: NetName=SDA0-3 Pin=RN5-8
Removed Pin From Net: NetName=+5V Pin=T1-2
Removed Pin From Net: NetName=+5V Pin=T2-2
Removed Pin From Net: NetName=GND Pin=T2-3
Removed Pin From Net: NetName=+3V3 Pin=T3-2
Removed Pin From Net: NetName=PIN22 Pin=U1-1
Removed Pin From Net: NetName=TX Pin=U1-2
Removed Pin From Net: NetName=RXD2 Pin=U1-3
Removed Pin From Net: NetName=TXD2 Pin=U1-4
Removed Pin From Net: NetName=RXD1 Pin=U1-5
Removed Pin From Net: NetName=TXD1 Pin=U1-6
Removed Pin From Net: NetName=PIN23 Pin=U1-7
Removed Pin From Net: NetName=PIN24 Pin=U1-8
Removed Pin From Net: NetName=SDA1 Pin=U1-9
Removed Pin From Net: NetName=+3V3 Pin=U1-11
Removed Pin From Net: NetName=GND Pin=U1-12
Removed Pin From Net: NetName=PIN25 Pin=U1-13
Removed Pin From Net: NetName=PIN26 Pin=U1-14
Removed Pin From Net: NetName=PIN27 Pin=U1-15
Removed Pin From Net: NetName=PIN28 Pin=U1-16
Removed Pin From Net: NetName=TXD0 Pin=U1-17
Removed Pin From Net: NetName=RXD0 Pin=U1-18
Removed Pin From Net: NetName=PIN29 Pin=U1-19
Removed Pin From Net: NetName=PWM11 Pin=U1-20
Removed Pin From Net: NetName=PWM12 Pin=U1-21
Removed Pin From Net: NetName=PIN30 Pin=U1-22
Removed Pin From Net: NetName=CANTX0 Pin=U1-23
Removed Pin From Net: NetName=CANRX0 Pin=U1-24
Removed Pin From Net: NetName=PIN31 Pin=U1-26
Removed Pin From Net: NetName=RX Pin=U1-27
Removed Pin From Net: NetName=JTAG_TCK Pin=U1-28
Removed Pin From Net: NetName=JTAG_TDI Pin=U1-29
Removed Pin From Net: NetName=JTAG_TDO Pin=U1-30
Removed Pin From Net: NetName=JTAG_TMS Pin=U1-31
Removed Pin From Net: NetName=PIN32 Pin=U1-32
Removed Pin From Net: NetName=GND Pin=U1-33
Removed Pin From Net: NetName=GND Pin=U1-44
Removed Pin From Net: NetName=GND Pin=U1-46
Removed Pin From Net: NetName=MASTER-RESET Pin=U1-47
Removed Pin From Net: NetName=+3V3 Pin=U1-52
Removed Pin From Net: NetName=GND Pin=U1-54
Removed Pin From Net: NetName=PIN33 Pin=U1-55
Removed Pin From Net: NetName=+3V3 Pin=U1-57
Removed Pin From Net: NetName=GND Pin=U1-58
Removed Pin From Net: NetName=PIN34 Pin=U1-59
Removed Pin From Net: NetName=PIN35 Pin=U1-60
Removed Pin From Net: NetName=+3V3 Pin=U1-62
Removed Pin From Net: NetName=PIN37 Pin=U1-63
Removed Pin From Net: NetName=PIN38 Pin=U1-64
Removed Pin From Net: NetName=PIN39 Pin=U1-65
Removed Pin From Net: NetName=PIN40 Pin=U1-66
Removed Pin From Net: NetName=PIN41 Pin=U1-67
Removed Pin From Net: NetName=PWM13 Pin=U1-68
Removed Pin From Net: NetName=SCL1 Pin=U1-70
Removed Pin From Net: NetName=PIN42 Pin=U1-71
Removed Pin From Net: NetName=PIN43 Pin=U1-72
Removed Pin From Net: NetName=GND Pin=U1-74
Removed Pin From Net: NetName=DAC0(CANRX1) Pin=U1-76
Removed Pin From Net: NetName=DAC1 Pin=U1-77
Removed Pin From Net: NetName=AD0 Pin=U1-78
Removed Pin From Net: NetName=AD1 Pin=U1-79
Removed Pin From Net: NetName=AD2 Pin=U1-80
Removed Pin From Net: NetName=AD3 Pin=U1-81
Removed Pin From Net: NetName=AD4 Pin=U1-82
Removed Pin From Net: NetName=AD5 Pin=U1-83
Removed Pin From Net: NetName=AD6 Pin=U1-84
Removed Pin From Net: NetName=AD7 Pin=U1-85
Removed Pin From Net: NetName=SDA0-3 Pin=U1-86
Removed Pin From Net: NetName=SCL0-3 Pin=U1-87
Removed Pin From Net: NetName=AD8 Pin=U1-88
Removed Pin From Net: NetName=AD9 Pin=U1-89
Removed Pin From Net: NetName=AD10 Pin=U1-90
Removed Pin From Net: NetName=AD11(TXD3) Pin=U1-91
Removed Pin From Net: NetName=AD14(RXD3) Pin=U1-92
Removed Pin From Net: NetName=PIN51 Pin=U1-94
Removed Pin From Net: NetName=PIN50 Pin=U1-95
Removed Pin From Net: NetName=PIN49 Pin=U1-96
Removed Pin From Net: NetName=PIN48 Pin=U1-97
Removed Pin From Net: NetName=PIN47 Pin=U1-98
Removed Pin From Net: NetName=PIN46 Pin=U1-99
Removed Pin From Net: NetName=PIN45 Pin=U1-100
Removed Pin From Net: NetName=PIN44 Pin=U1-101
Removed Pin From Net: NetName=SS0/PWM10 Pin=U1-102
Removed Pin From Net: NetName=+3V3 Pin=U1-105
Removed Pin From Net: NetName=GND Pin=U1-106
Removed Pin From Net: NetName=MISO Pin=U1-108
Removed Pin From Net: NetName=MOSI Pin=U1-109
Removed Pin From Net: NetName=SPCK Pin=U1-110
Removed Pin From Net: NetName=SS0/PWM10 Pin=U1-111
Removed Pin From Net: NetName=SS1/PWM4 Pin=U1-112
Removed Pin From Net: NetName=PIN36 Pin=U1-116
Removed Pin From Net: NetName=+3V3 Pin=U1-125
Removed Pin From Net: NetName=GND Pin=U1-126
Removed Pin From Net: NetName=PWM9 Pin=U1-132
Removed Pin From Net: NetName=PWM8 Pin=U1-133
Removed Pin From Net: NetName=PWM7 Pin=U1-134
Removed Pin From Net: NetName=PWM6 Pin=U1-135
Removed Pin From Net: NetName=PWM5 Pin=U1-136
Removed Pin From Net: NetName=SS1/PWM4 Pin=U1-137
Removed Pin From Net: NetName=PWM3 Pin=U1-139
Removed Pin From Net: NetName=CANTX1/IO Pin=U1-140
Removed Pin From Net: NetName=PWM2 Pin=U1-144
Removed Pin From Net: NetName=GND Pin=USB1-5
Removed Pin From Net: NetName=GND Pin=USB1-P$1
Removed Pin From Net: NetName=GND Pin=USB1-P$2
Removed Pin From Net: NetName=GND Pin=USB1-P$3
Removed Pin From Net: NetName=GND Pin=USB1-P$4
Removed Pin From Net: NetName=GND Pin=USB1-P$5
Removed Pin From Net: NetName=GND Pin=USB1-P$6
Removed Pin From Net: NetName=GND Pin=USB1-P$7
Removed Pin From Net: NetName=GND Pin=USB1-P$8
Removed Pin From Net: NetName=GND Pin=USB1-P$9
Removed Pin From Net: NetName=GND Pin=USB1-P$10
Removed Pin From Net: NetName=GND Pin=USB1-P$11
Removed Pin From Net: NetName=GND Pin=USB1-S1
Removed Pin From Net: NetName=GND Pin=USB1-S2
Removed Pin From Net: NetName=GND Pin=USB1-S3
Removed Pin From Net: NetName=GND Pin=USB1-S4
Removed Pin From Net: NetName=GND Pin=X2-1
Removed Pin From Net: NetName=GND Pin=X2-3
Removed Pin From Net: NetName=GND Pin=Y1-2
Removed Pin From Net: NetName=GND Pin=Y1-4
Removed Pin From Net: NetName=GND Pin=Y4-2
Removed Pin From Net: NetName=GND Pin=Y4-4
Removed Pin From Net: NetName=GND Pin=Z1-2
Removed Pin From Net: NetName=GND Pin=Z2-2
Removed Pin From Net: NetName=GND Pin=Z3-1
Removed Pin From Net: NetName=GND Pin=Z4-1
Removed Pin From Net: NetName=GND Pin=Z5-1
